#
# A fatal error has been detected by the Java Runtime Environment:
#
#  EXCEPTION_ACCESS_VIOLATION (0xc0000005) at pc=0x0000000065078d85, pid=7656, tid=6780
#
# JRE version: Java(TM) SE Runtime Environment (8.0_77-b03) (build 1.8.0_77-b03)
# Java VM: Java HotSpot(TM) 64-Bit Server VM (25.77-b03 mixed mode windows-amd64 compressed oops)
# Problematic frame:
# V  [jvm.dll+0x128d85]
#
# Failed to write core dump. Minidumps are not enabled by default on client versions of Windows
#
# If you would like to submit a bug report, please visit:
#   http://bugreport.java.com/bugreport/crash.jsp
#

---------------  T H R E A D  ---------------

Current thread (0x00000000585da000):  JavaThread "JDWP Transport Listener: dt_socket" daemon [_thread_in_vm, id=6780, stack(0x00000000593a0000,0x00000000594a0000)]

siginfo: ExceptionCode=0xc0000005, reading address 0xffffffffffffffff

Registers:
RAX=0x000000005949f301, RBX=0x00000000585da000, RCX=0x6c726f573b646c72, RDX=0x0000000000000000
RSP=0x000000005949f2f0, RBP=0x6c726f573b646c72, RSI=0x000000005949f408, RDI=0x0000000001d88f60
R8 =0x00000000585da000, R9 =0x000000000000ff00, R10=0x0000000000000000, R11=0x2a1f887401af0014
R12=0x0000000000000000, R13=0x00000000585dcc68, R14=0x0000000000000000, R15=0x0000000000000000
RIP=0x0000000065078d85, EFLAGS=0x0000000000010206

Top of Stack: (sp=0x000000005949f2f0)
0x000000005949f2f0:   00000000585da000 000000005861e770
0x000000005949f300:   000000005949f3b8 000000006527e33b
0x000000005949f310:   00000000585da000 000000006529ab9d
0x000000005949f320:   0000000000000000 0000000065dd9155
0x000000005949f330:   00000000586c1e40 0000000065de291e
0x000000005949f340:   00000000585da000 0000000000000000
0x000000005949f350:   0000000000000000 0000000000000000
0x000000005949f360:   6c726f573b646c72 0000000065de1a15
0x000000005949f370:   000000005949f408 000000005949f3e0
0x000000005949f380:   0000000000000001 00000000586c1e40
0x000000005949f390:   6c726f573b646c72 0000000065dc53b3
0x000000005949f3a0:   000000005949f4d0 0000000000000001
0x000000005949f3b0:   0000000000000001 00000000586c1e40
0x000000005949f3c0:   00000000f000100a 0000000000000000
0x000000005949f3d0:   0000000000000000 0000000000000000
0x000000005949f3e0:   0000000000000001 0000000065dc5571 

Instructions: (pc=0x0000000065078d85)
0x0000000065078d65:   cc cc cc cc cc cc cc cc cc cc cc 48 83 ec 28 48
0x0000000065078d75:   85 c9 75 07 33 c0 48 83 c4 28 c3 48 89 5c 24 20
0x0000000065078d85:   48 8b 19 48 85 db 74 20 48 83 fb 37 74 1a 48 8b
0x0000000065078d95:   13 48 8b cb ff 52 10 84 c0 74 0d 48 8b c3 48 8b 


Register to memory mapping:

RAX=0x000000005949f301 is pointing into the stack for thread: 0x00000000585da000
RBX=0x00000000585da000 is a thread
RCX=0x6c726f573b646c72 is an unknown value
RDX=0x0000000000000000 is an unknown value
RSP=0x000000005949f2f0 is pointing into the stack for thread: 0x00000000585da000
RBP=0x6c726f573b646c72 is an unknown value
RSI=0x000000005949f408 is pointing into the stack for thread: 0x00000000585da000
RDI=0x0000000001d88f60 is an unknown value
R8 =0x00000000585da000 is a thread
R9 =0x000000000000ff00 is an unknown value
R10=0x0000000000000000 is an unknown value
R11=0x2a1f887401af0014 is an unknown value
R12=0x0000000000000000 is an unknown value
R13=0x00000000585dcc68 is an unknown value
R14=0x0000000000000000 is an unknown value
R15=0x0000000000000000 is an unknown value


Stack: [0x00000000593a0000,0x00000000594a0000],  sp=0x000000005949f2f0,  free space=1020k
Native frames: (J=compiled Java code, j=interpreted, Vv=VM code, C=native code)
V  [jvm.dll+0x128d85]
V  [jvm.dll+0x34ab9d]
C  [jdwp.dll+0x21a15]
C  [jdwp.dll+0x53b3]
C  [jdwp.dll+0x5571]
C  [jdwp.dll+0xf0a8]
C  [jdwp.dll+0x1f2d5]
C  [jdwp.dll+0x1f4aa]
V  [jvm.dll+0x1bba58]
V  [jvm.dll+0x243434]
V  [jvm.dll+0x29a27a]
C  [msvcr100.dll+0x21d9f]
C  [msvcr100.dll+0x21e3b]
C  [kernel32.dll+0x159bd]
C  [ntdll.dll+0x2a2e1]


---------------  P R O C E S S  ---------------

Java Threads: ( => current thread )
  0x000000005a2a6800 JavaThread "vert.x-eventloop-thread-1" [_thread_in_native, id=5768, stack(0x000000005abc0000,0x000000005acc0000)]
  0x000000005a29e000 JavaThread "vert.x-eventloop-thread-3" [_thread_in_native, id=7260, stack(0x000000005a980000,0x000000005aa80000)]
  0x000000005a283800 JavaThread "vert.x-eventloop-thread-2" [_thread_in_native, id=5504, stack(0x000000005a870000,0x000000005a970000)]
  0x00000000588c4800 JavaThread "vertx-blocked-thread-checker" daemon [_thread_blocked, id=5324, stack(0x0000000059dd0000,0x0000000059ed0000)]
  0x0000000058671000 JavaThread "Service Thread" daemon [_thread_blocked, id=3904, stack(0x00000000590c0000,0x00000000591c0000)]
  0x00000000585f4800 JavaThread "C1 CompilerThread2" daemon [_thread_blocked, id=7320, stack(0x0000000059a60000,0x0000000059b60000)]
  0x00000000585f0000 JavaThread "C2 CompilerThread1" daemon [_thread_blocked, id=7200, stack(0x0000000059890000,0x0000000059990000)]
  0x00000000585ed000 JavaThread "C2 CompilerThread0" daemon [_thread_blocked, id=2156, stack(0x00000000592a0000,0x00000000593a0000)]
  0x00000000585df000 JavaThread "JDWP Command Reader" daemon [_thread_in_native, id=5964, stack(0x0000000059700000,0x0000000059800000)]
  0x00000000570bf000 JavaThread "JDWP Event Helper Thread" daemon [_thread_blocked, id=7736, stack(0x0000000059530000,0x0000000059630000)]
=>0x00000000585da000 JavaThread "JDWP Transport Listener: dt_socket" daemon [_thread_in_vm, id=6780, stack(0x00000000593a0000,0x00000000594a0000)]
  0x00000000585d0800 JavaThread "Attach Listener" daemon [_thread_blocked, id=8748, stack(0x0000000058bd0000,0x0000000058cd0000)]
  0x00000000570b7000 JavaThread "Signal Dispatcher" daemon [_thread_blocked, id=6992, stack(0x0000000058a00000,0x0000000058b00000)]
  0x000000005709a800 JavaThread "Finalizer" daemon [_thread_blocked, id=1224, stack(0x00000000584d0000,0x00000000585d0000)]
  0x0000000057053800 JavaThread "Reference Handler" daemon [_thread_blocked, id=6840, stack(0x0000000058300000,0x0000000058400000)]
  0x0000000001d8e800 JavaThread "main" [_thread_blocked, id=460, stack(0x0000000001f10000,0x0000000002010000)]

Other Threads:
  0x000000005704c000 VMThread [stack: 0x0000000058120000,0x0000000058220000] [id=5204]
  0x000000005869b800 WatcherThread [stack: 0x0000000059c00000,0x0000000059d00000] [id=4328]

VM state:not at safepoint (normal execution)

VM Mutex/Monitor currently owned by a thread: None

Heap:
 PSYoungGen      total 38400K, used 20030K [0x00000000d5d00000, 0x00000000d8780000, 0x0000000100000000)
  eden space 33280K, 60% used [0x00000000d5d00000,0x00000000d708f990,0x00000000d7d80000)
  from space 5120K, 0% used [0x00000000d8280000,0x00000000d8280000,0x00000000d8780000)
  to   space 5120K, 0% used [0x00000000d7d80000,0x00000000d7d80000,0x00000000d8280000)
 ParOldGen       total 87552K, used 0K [0x0000000081600000, 0x0000000086b80000, 0x00000000d5d00000)
  object space 87552K, 0% used [0x0000000081600000,0x0000000081600000,0x0000000086b80000)
 Metaspace       used 9997K, capacity 10298K, committed 10496K, reserved 1058816K
  class space    used 1139K, capacity 1215K, committed 1280K, reserved 1048576K

Card table byte_map: [0x0000000011750000,0x0000000011b50000] byte_map_base: 0x0000000011345000

Marking Bits: (ParMarkBitMap*) 0x0000000065760600
 Begin Bits: [0x0000000012370000, 0x0000000014318000)
 End Bits:   [0x0000000014318000, 0x00000000162c0000)

Polling page: 0x0000000000130000

CodeCache: size=245760Kb used=2985Kb max_used=2997Kb free=242774Kb
 bounds [0x0000000002390000, 0x0000000002680000, 0x0000000011390000]
 total_blobs=1091 nmethods=760 adapters=252
 compilation: enabled

Compilation events (10 events):
Event: 6556.335 Thread 0x00000000585f4800  756 % !   3       io.netty.channel.nio.NioEventLoop::run @ 0 (160 bytes)
Event: 6556.340 Thread 0x00000000585f4800 nmethod 756% 0x000000000267aa90 code [0x000000000267adc0, 0x000000000267c6a8]
Event: 6766.663 Thread 0x00000000585f4800  757   !   3       io.netty.channel.nio.NioEventLoop::run (160 bytes)
Event: 6766.664 Thread 0x00000000585f4800 nmethod 757 0x000000000267d410 code [0x000000000267d740, 0x000000000267ef48]
Event: 6794.888 Thread 0x00000000585f0000  758       4       io.netty.channel.nio.SelectedSelectionKeySet::flip (57 bytes)
Event: 6794.891 Thread 0x00000000585f0000 nmethod 758 0x0000000002665310 code [0x0000000002665460, 0x0000000002665598]
Event: 6806.983 Thread 0x00000000585f0000  759       4       io.netty.channel.nio.NioEventLoop::processSelectedKeysOptimized (103 bytes)
Event: 6806.986 Thread 0x00000000585f0000 nmethod 759 0x0000000002664fd0 code [0x0000000002665120, 0x00000000026651d8]
Event: 7333.692 Thread 0x00000000585ed000  760       4       java.util.concurrent.atomic.AtomicBoolean::compareAndSet (35 bytes)
Event: 7333.694 Thread 0x00000000585ed000 nmethod 760 0x0000000002664d50 code [0x0000000002664e80, 0x0000000002664f18]

GC Heap History (0 events):
No events

Deoptimization events (0 events):
No events

Internal exceptions (10 events):
Event: 0.226 Thread 0x0000000001d8e800 Exception <a 'java/security/PrivilegedActionException'> (0x00000000d5f68190) thrown at [D:\re\workspace\8-2-build-windows-amd64-cygwin\jdk8u77\6540\hotspot\src\share\vm\prims\jvm.cpp, line 1386]
Event: 0.226 Thread 0x0000000001d8e800 Exception <a 'java/security/PrivilegedActionException'> (0x00000000d5f683a0) thrown at [D:\re\workspace\8-2-build-windows-amd64-cygwin\jdk8u77\6540\hotspot\src\share\vm\prims\jvm.cpp, line 1386]
Event: 0.226 Thread 0x0000000001d8e800 Exception <a 'java/security/PrivilegedActionException'> (0x00000000d5f6c1e8) thrown at [D:\re\workspace\8-2-build-windows-amd64-cygwin\jdk8u77\6540\hotspot\src\share\vm\prims\jvm.cpp, line 1386]
Event: 0.226 Thread 0x0000000001d8e800 Exception <a 'java/security/PrivilegedActionException'> (0x00000000d5f6c3f8) thrown at [D:\re\workspace\8-2-build-windows-amd64-cygwin\jdk8u77\6540\hotspot\src\share\vm\prims\jvm.cpp, line 1386]
Event: 0.258 Thread 0x0000000001d8e800 Exception <a 'java/lang/NoClassDefFoundError': org/slf4j/LoggerFactory> (0x00000000d60e7a88) thrown at [D:\re\workspace\8-2-build-windows-amd64-cygwin\jdk8u77\6540\hotspot\src\share\vm\classfile\systemDictionary.cpp, line 199]
Event: 0.259 Thread 0x0000000001d8e800 Exception <a 'java/lang/NoClassDefFoundError': org/apache/log4j/Priority> (0x00000000d60f86a8) thrown at [D:\re\workspace\8-2-build-windows-amd64-cygwin\jdk8u77\6540\hotspot\src\share\vm\classfile\systemDictionary.cpp, line 199]
Event: 0.286 Thread 0x0000000001d8e800 Exception <a 'java/lang/NoClassDefFoundError': javassist/ClassPath> (0x00000000d6241420) thrown at [D:\re\workspace\8-2-build-windows-amd64-cygwin\jdk8u77\6540\hotspot\src\share\vm\classfile\systemDictionary.cpp, line 199]
Event: 0.356 Thread 0x0000000001d8e800 Exception <a 'java/lang/NoSuchFieldError': method resolution failed> (0x00000000d64251b8) thrown at [D:\re\workspace\8-2-build-windows-amd64-cygwin\jdk8u77\6540\hotspot\src\share\vm\prims\methodHandles.cpp, line 1146]
Event: 0.359 Thread 0x0000000001d8e800 Exception <a 'java/lang/NoSuchFieldError': method resolution failed> (0x00000000d6432948) thrown at [D:\re\workspace\8-2-build-windows-amd64-cygwin\jdk8u77\6540\hotspot\src\share\vm\prims\methodHandles.cpp, line 1146]
Event: 0.579 Thread 0x000000005a29e000 Exception <a 'java/net/BindException': Address already in use: bind> (0x00000000d6d91dd0) thrown at [D:\re\workspace\8-2-build-windows-amd64-cygwin\jdk8u77\6540\hotspot\src\share\vm\prims\jni.cpp, line 735]

Events (10 events):
Event: 5047.692 Executing VM operation: RedefineClasses
Event: 5047.695 Executing VM operation: RedefineClasses done
Event: 5553.594 loading class java/util/WeakHashMap$1
Event: 5553.595 loading class java/util/WeakHashMap$1 done
Event: 6285.741 Executing VM operation: RedefineClasses
Event: 6285.744 Executing VM operation: RedefineClasses done
Event: 6734.756 Executing VM operation: RedefineClasses
Event: 6734.759 Executing VM operation: RedefineClasses done
Event: 6757.690 Executing VM operation: RedefineClasses
Event: 6757.693 Executing VM operation: RedefineClasses done


Dynamic libraries:
0x000000013f110000 - 0x000000013f147000 	C:\Program Files\Java\jdk1.8.0_77\bin\javaw.exe
0x0000000077470000 - 0x000000007761a000 	C:\Windows\SYSTEM32\ntdll.dll
0x0000000077250000 - 0x000000007736f000 	C:\Windows\system32\kernel32.dll
0x000007fefc7c0000 - 0x000007fefc82a000 	C:\Windows\system32\KERNELBASE.dll
0x000007fefe800000 - 0x000007fefe8db000 	C:\Windows\system32\ADVAPI32.dll
0x000007fefc9d0000 - 0x000007fefca6f000 	C:\Windows\system32\msvcrt.dll
0x000007fefc950000 - 0x000007fefc96f000 	C:\Windows\SYSTEM32\sechost.dll
0x000007fefe0b0000 - 0x000007fefe1dd000 	C:\Windows\system32\RPCRT4.dll
0x0000000077370000 - 0x000000007746a000 	C:\Windows\system32\USER32.dll
0x000007fefca70000 - 0x000007fefcad7000 	C:\Windows\system32\GDI32.dll
0x000007fefdf10000 - 0x000007fefdf1e000 	C:\Windows\system32\LPK.dll
0x000007fefd990000 - 0x000007fefda5a000 	C:\Windows\system32\USP10.dll
0x000007fefb080000 - 0x000007fefb274000 	C:\Windows\WinSxS\amd64_microsoft.windows.common-controls_6595b64144ccf1df_6.0.7601.18837_none_fa3b1e3d17594757\COMCTL32.dll
0x000007fefc850000 - 0x000007fefc8c1000 	C:\Windows\system32\SHLWAPI.dll
0x000007fefe9f0000 - 0x000007fefea1e000 	C:\Windows\system32\IMM32.DLL
0x000007fefe8e0000 - 0x000007fefe9e9000 	C:\Windows\system32\MSCTF.dll
0x0000000065e00000 - 0x0000000065ed2000 	C:\Program Files\Java\jdk1.8.0_77\jre\bin\msvcr100.dll
0x0000000064f50000 - 0x00000000657e0000 	C:\Program Files\Java\jdk1.8.0_77\jre\bin\server\jvm.dll
0x000007fef9510000 - 0x000007fef9519000 	C:\Windows\system32\WSOCK32.dll
0x000007fefd940000 - 0x000007fefd98d000 	C:\Windows\system32\WS2_32.dll
0x000007fefd870000 - 0x000007fefd878000 	C:\Windows\system32\NSI.dll
0x000007fef9c90000 - 0x000007fef9ccb000 	C:\Windows\system32\WINMM.dll
0x000007fefb570000 - 0x000007fefb57c000 	C:\Windows\system32\VERSION.dll
0x0000000077630000 - 0x0000000077637000 	C:\Windows\system32\PSAPI.DLL
0x0000000066d40000 - 0x0000000066d4f000 	C:\Program Files\Java\jdk1.8.0_77\jre\bin\verify.dll
0x00000000668e0000 - 0x0000000066909000 	C:\Program Files\Java\jdk1.8.0_77\jre\bin\java.dll
0x0000000065dc0000 - 0x0000000065df5000 	C:\Program Files\Java\jdk1.8.0_77\jre\bin\jdwp.dll
0x0000000066b80000 - 0x0000000066b88000 	C:\Program Files\Java\jdk1.8.0_77\jre\bin\npt.dll
0x0000000066b10000 - 0x0000000066b26000 	C:\Program Files\Java\jdk1.8.0_77\jre\bin\zip.dll
0x000007fefcae0000 - 0x000007fefd86a000 	C:\Windows\system32\SHELL32.dll
0x000007fefe510000 - 0x000007fefe713000 	C:\Windows\system32\ole32.dll
0x000007fefc4a0000 - 0x000007fefc4af000 	C:\Windows\system32\profapi.dll
0x0000000066ad0000 - 0x0000000066ad9000 	C:\Program Files\Java\jdk1.8.0_77\jre\bin\dt_socket.dll
0x000007fefa240000 - 0x000007fefa255000 	C:\Windows\system32\NLAapi.dll
0x000007fef8f40000 - 0x000007fef8f55000 	C:\Windows\system32\napinsp.dll
0x000007fef8f60000 - 0x000007fef8f79000 	C:\Windows\system32\pnrpnsp.dll
0x000007fefbc30000 - 0x000007fefbc85000 	C:\Windows\System32\mswsock.dll
0x000007fefbab0000 - 0x000007fefbb0b000 	C:\Windows\system32\DNSAPI.dll
0x000007fef8fc0000 - 0x000007fef8fcb000 	C:\Windows\System32\winrnr.dll
0x000007fef9c10000 - 0x000007fef9c37000 	C:\Windows\system32\IPHLPAPI.DLL
0x000007fef9da0000 - 0x000007fef9dab000 	C:\Windows\system32\WINNSI.DLL
0x000007fef9d00000 - 0x000007fef9d53000 	C:\Windows\System32\fwpuclnt.dll
0x000007fef8fb0000 - 0x000007fef8fb8000 	C:\Windows\system32\rasadhlp.dll
0x000007fefb640000 - 0x000007fefb647000 	C:\Windows\System32\wshtcpip.dll
0x0000000065da0000 - 0x0000000065dba000 	C:\Program Files\Java\jdk1.8.0_77\jre\bin\net.dll
0x000007fefbc20000 - 0x000007fefbc27000 	C:\Windows\System32\wship6.dll
0x0000000065d80000 - 0x0000000065d91000 	C:\Program Files\Java\jdk1.8.0_77\jre\bin\nio.dll
0x000007fefbe80000 - 0x000007fefbe98000 	C:\Windows\system32\CRYPTSP.dll
0x000007fefb990000 - 0x000007fefb9d7000 	C:\Windows\system32\rsaenh.dll
0x000007fefc4d0000 - 0x000007fefc4ee000 	C:\Windows\system32\USERENV.dll
0x000007fefc2f0000 - 0x000007fefc2ff000 	C:\Windows\system32\CRYPTBASE.dll
0x000007fef9b90000 - 0x000007fef9ba1000 	C:\Windows\system32\dhcpcsvc6.DLL
0x000007fef9b30000 - 0x000007fef9b48000 	C:\Windows\system32\dhcpcsvc.DLL
0x000007feedd10000 - 0x000007feede35000 	C:\Windows\system32\dbghelp.dll

VM Arguments:
jvm_args: -agentlib:jdwp=transport=dt_socket,suspend=y,address=localhost:50893 -Dfile.encoding=UTF-8 
java_command: io.vertx.core.Starter run com.vertxtest.test_vertx_01.MyMainVerticle
java_class_path (initial): C:\Developpement\workspace-java-fixes\test-vertx-01\target\classes;C:\Developpement\maven-local-settings\repository\io\vertx\vertx-core\3.0.0\vertx-core-3.0.0.jar;C:\Developpement\maven-local-settings\repository\io\netty\netty-common\4.0.28.Final\netty-common-4.0.28.Final.jar;C:\Developpement\maven-local-settings\repository\io\netty\netty-buffer\4.0.28.Final\netty-buffer-4.0.28.Final.jar;C:\Developpement\maven-local-settings\repository\io\netty\netty-transport\4.0.28.Final\netty-transport-4.0.28.Final.jar;C:\Developpement\maven-local-settings\repository\io\netty\netty-handler\4.0.28.Final\netty-handler-4.0.28.Final.jar;C:\Developpement\maven-local-settings\repository\io\netty\netty-codec\4.0.28.Final\netty-codec-4.0.28.Final.jar;C:\Developpement\maven-local-settings\repository\io\netty\netty-codec-http\4.0.28.Final\netty-codec-http-4.0.28.Final.jar;C:\Developpement\maven-local-settings\repository\com\fasterxml\jackson\core\jackson-core\2.5.3\jackson-core-2.5.3.jar;C:\Developpement\maven-local-settings\repository\com\fasterxml\jackson\core\jackson-databind\2.5.3\jackson-databind-2.5.3.jar;C:\Developpement\maven-local-settings\repository\com\fasterxml\jackson\core\jackson-annotations\2.5.0\jackson-annotations-2.5.0.jar;C:\Developpement\maven-local-settings\repository\io\vertx\vertx-web\3.0.0\vertx-web-3.0.0.jar;C:\Developpement\maven-local-settings\repository\io\vertx\vertx-auth-common\3.0.0\vertx-auth-common-3.0.0.jar;C:\Developpement\maven-local-settings\repository\junit\junit\3.8.1\junit-3.8.1.jar;C:\Developpement\eclipses\eclipse-luna\plugins\org.junit_4.11.0.v201303080030\junit.jar;C:\Developpement\eclipses\eclipse-luna\plugins\org.hamcrest.core_1.3.0.v201303031735.jar;C:\Developpement\maven-local-settings\repository\io\vertx\mod-rxvertx\1.0.0-beta4\mod-rxvertx-1.0.0-beta4.jar;C:\Developpement\maven-local-settings\repository\com\netflix\rxjava\rxjava-groovy\0.19.1\rxjava-groovy-0.19.1.jar;C:\Developpement\maven-local-settings\reposito
Launcher Type: SUN_STANDARD

Environment Variables:
JAVA_HOME=C:\Program Files\Java\jdk1.6.0_33
PATH=C:\Program Files\Java\jdk1.8.0_77\jre\bin;C:/Program Files/Java/jre1.8.0_91/bin/server;C:/Program Files/Java/jre1.8.0_91/bin;C:/Program Files/Java/jre1.8.0_91/lib/amd64;C:\ProgramData\Oracle\Java\javapath;C:\Program Files (x86)\Intel\iCLS Client\;C:\Program Files\Intel\iCLS Client\;C:\Windows\system32;C:\Windows;C:\Windows\System32\Wbem;C:\Windows\System32\WindowsPowerShell\v1.0\;C:\Program Files\Intel\Intel(R) Management Engine Components\DAL;C:\Program Files (x86)\Intel\Intel(R) Management Engine Components\DAL;C:\Program Files\Intel\Intel(R) Management Engine Components\IPT;C:\Program Files (x86)\Intel\Intel(R) Management Engine Components\IPT;C:\Developpement\apache-maven-2.2.1\bin;C:\Program Files (x86)\Micros Systems, Inc.\Opera\Print Client;C:\Program Files\nodejs\;C:\Program Files\Git\cmd;C:\Users\ViVilerio\AppData\Roaming\npm;C:\Developpement\eclipses\eclipse-luna;
USERNAME=ViVilerio
OS=Windows_NT
PROCESSOR_IDENTIFIER=Intel64 Family 6 Model 60 Stepping 3, GenuineIntel



---------------  S Y S T E M  ---------------

OS: Windows 7 , 64 bit Build 7601 (6.1.7601.23418)

CPU:total 4 (4 cores per cpu, 1 threads per core) family 6 model 60 stepping 3, cmov, cx8, fxsr, mmx, sse, sse2, sse3, ssse3, sse4.1, sse4.2, popcnt, avx, avx2, aes, clmul, erms, lzcnt, tsc, tscinvbit, bmi1, bmi2

Memory: 4k page, physical 8294380k(2793156k free), swap 16586900k(8347808k free)

vm_info: Java HotSpot(TM) 64-Bit Server VM (25.77-b03) for windows-amd64 JRE (1.8.0_77-b03), built on Mar 20 2016 22:01:33 by "java_re" with MS VC++ 10.0 (VS2010)

time: Tue Jun 14 17:15:14 2016
elapsed time: 8242 seconds (0d 2h 17m 22s)

